<?xml version="1.0" encoding="UTF-8"?>
<!-- Generated by org.testng.reporters.JUnitReportReporter -->
<testsuite hostname="Al-Amin" failures="0" tests="1" name="testcases.TestLogin" time="11.561" errors="0" timestamp="2023-07-22T17:03:29 BDT" skipped="0">
  <testcase classname="testcases.TestLogin" name="LoginTest" time="11.561"/>
</testsuite> <!-- testcases.TestLogin -->
