<?xml version="1.0" encoding="UTF-8"?>
<!-- Generated by org.testng.reporters.JUnitReportReporter -->
<testsuite hostname="Al-Amin" failures="0" tests="1" name="testcases.TestProduct" time="13.851" errors="0" timestamp="2023-07-22T17:03:28 BDT" skipped="0">
  <testcase classname="testcases.TestProduct" name="productTest" time="13.851"/>
</testsuite> <!-- testcases.TestProduct -->
